<?xml version="1.0" encoding="UTF-8"?>
<testng-results skipped="0" failed="0" ignored="0" total="1" passed="1">
  <reporter-output>
  </reporter-output>
  <suite name="TD Bank assignment by Deepika for QA role" duration-ms="42494" started-at="2021-11-10T10:19:27Z" finished-at="2021-11-10T10:20:09Z">
    <groups>
      <group name="tests">
        <method signature="AmazonWebAutomationTest.amazonTest()[pri:0, instance:com.td.bank.testcases.AmazonWebAutomationTest@93dd95]" name="amazonTest" class="com.td.bank.testcases.AmazonWebAutomationTest"/>
      </group> <!-- tests -->
    </groups>
    <test name="TD Bank assignment by Deepika" duration-ms="42494" started-at="2021-11-10T10:19:27Z" finished-at="2021-11-10T10:20:09Z">
      <class name="com.td.bank.testcases.AmazonWebAutomationTest">
        <test-method status="PASS" signature="setUp(java.lang.String)[pri:0, instance:com.td.bank.testcases.AmazonWebAutomationTest@93dd95]" name="setUp" is-config="true" duration-ms="13158" started-at="2021-11-10T10:19:27Z" finished-at="2021-11-10T10:19:40Z">
          <params>
            <param index="0">
              <value>
                <![CDATA[Edge]]>
              </value>
            </param>
          </params>
          <reporter-output>
          </reporter-output>
        </test-method> <!-- setUp -->
        <test-method status="PASS" signature="amazonTest()[pri:0, instance:com.td.bank.testcases.AmazonWebAutomationTest@93dd95]" name="amazonTest" duration-ms="28889" started-at="2021-11-10T10:19:40Z" finished-at="2021-11-10T10:20:09Z">
          <reporter-output>
          </reporter-output>
        </test-method> <!-- amazonTest -->
        <test-method status="PASS" signature="tearDown()[pri:0, instance:com.td.bank.testcases.AmazonWebAutomationTest@93dd95]" name="tearDown" is-config="true" duration-ms="404" started-at="2021-11-10T10:20:09Z" finished-at="2021-11-10T10:20:09Z">
          <reporter-output>
          </reporter-output>
        </test-method> <!-- tearDown -->
      </class> <!-- com.td.bank.testcases.AmazonWebAutomationTest -->
    </test> <!-- TD Bank assignment by Deepika -->
  </suite> <!-- TD Bank assignment by Deepika for QA role -->
</testng-results>
